<?xml version="1.0" encoding="UTF-8"?>
<!-- Generated by org.testng.reporters.JUnitXMLReporter -->
<testsuite ignored="0" hostname="Acchu" failures="0" tests="6" name="Test" time="0.067" errors="0" timestamp="2020-08-16T16:20:15 IST">
  <testcase classname="test.Selenium_Test" name="BrowserAutomation" time="0.006"/>
  <testcase classname="test.Selenium_Test" name="ElementsUI" time="0.001"/>
  <testcase classname="test.Appium_Test" name="IosApps" time="0.0"/>
  <testcase classname="test.Appium_Test" name="NativeApp" time="0.001"/>
  <testcase classname="test.RestAPI_Test" name="DeleteTwitter" time="0.0"/>
  <testcase classname="test.RestAPI_Test" name="PostJira" time="0.001"/>
</testsuite> <!-- Test -->
