<?xml version="1.0" encoding="UTF-8"?>
<testng-results ignored="0" total="1" passed="1" failed="0" skipped="0">
  <reporter-output>
  </reporter-output>
  <suite started-at="2020-08-15T12:05:20 IST" name="Default suite" finished-at="2020-08-15T12:05:21 IST" duration-ms="103">
    <groups>
    </groups>
    <test started-at="2020-08-15T12:05:20 IST" name="Default test" finished-at="2020-08-15T12:05:21 IST" duration-ms="103">
      <class name="test.Selenium_Test">
        <test-method signature="BrowserAutomation()[pri:0, instance:test.Selenium_Test@87a85e1]" started-at="2020-08-15T12:05:21 IST" name="BrowserAutomation" finished-at="2020-08-15T12:05:21 IST" duration-ms="17" status="PASS">
          <reporter-output>
          </reporter-output>
        </test-method> <!-- BrowserAutomation -->
      </class> <!-- test.Selenium_Test -->
    </test> <!-- Default test -->
  </suite> <!-- Default suite -->
</testng-results>
